<?xml version="1.0" encoding="UTF-8"?>
<!-- Generated by org.testng.reporters.JUnitReportReporter -->
<testsuite hostname="LAPTOP-ENOR0IVM" name="com.automationtesting.AutoTest_01" tests="2" failures="0" timestamp="17 Jan 2019 11:14:37 GMT" time="44.279" errors="0">
  <testcase name="testEasy2" time="7.243" classname="com.automationtesting.AutoTest_01"/>
  <testcase name="testEasy" time="37.036" classname="com.automationtesting.AutoTest_01"/>
</testsuite> <!-- com.automationtesting.AutoTest_01 -->
