<?xml version="1.0" encoding="UTF-8"?>
<!-- Generated by org.testng.reporters.JUnitReportReporter -->
<testsuite hostname="LAPTOP-ENOR0IVM" name="com.automationtesting.NewTest" tests="2" failures="0" timestamp="29 Nov 2018 07:04:44 GMT" time="88.982" errors="0">
  <testcase name="testEasy" time="71.293" classname="com.automationtesting.NewTest"/>
  <testcase name="testEasy2" time="17.689" classname="com.automationtesting.NewTest"/>
</testsuite> <!-- com.automationtesting.NewTest -->
