<?xml version="1.0" encoding="UTF-8"?>
<!-- Generated by org.testng.reporters.JUnitReportReporter -->
<testsuite hostname="LAPTOP-ENOR0IVM" name="com.automationtesting.AutoTest_02" tests="2" failures="0" timestamp="2 Dec 2018 10:56:38 GMT" time="82.402" errors="0">
  <testcase name="testEasy2" time="27.603" classname="com.automationtesting.AutoTest_02"/>
  <testcase name="testEasy" time="54.799" classname="com.automationtesting.AutoTest_02"/>
</testsuite> <!-- com.automationtesting.AutoTest_02 -->
